{"C:\\Users\\nurlan\\Desktop\\rsschool\\react\\assignment1\\rs-react-app\\src\\App.tsx": {"path":"C:\\Users\\nurlan\\Desktop\\rsschool\\react\\assignment1\\rs-react-app\\src\\App.tsx","all":false,"statementMap":{"0":{"start":{"line":1,"column":0},"end":{"line":1,"column":8}},"5":{"start":{"line":6,"column":0},"end":{"line":6,"column":54}},"6":{"start":{"line":7,"column":0},"end":{"line":7,"column":44}},"7":{"start":{"line":8,"column":0},"end":{"line":8,"column":61}},"9":{"start":{"line":10,"column":0},"end":{"line":10,"column":19}},"10":{"start":{"line":11,"column":0},"end":{"line":11,"column":38}},"11":{"start":{"line":12,"column":0},"end":{"line":12,"column":5}},"12":{"start":{"line":13,"column":0},"end":{"line":13,"column":22}},"13":{"start":{"line":14,"column":0},"end":{"line":14,"column":51}},"14":{"start":{"line":15,"column":0},"end":{"line":15,"column":6}},"15":{"start":{"line":16,"column":0},"end":{"line":16,"column":5}},"16":{"start":{"line":17,"column":0},"end":{"line":17,"column":28}},"17":{"start":{"line":18,"column":0},"end":{"line":18,"column":30}},"18":{"start":{"line":19,"column":0},"end":{"line":19,"column":17}},"19":{"start":{"line":20,"column":0},"end":{"line":20,"column":9}},"20":{"start":{"line":21,"column":0},"end":{"line":21,"column":30}},"21":{"start":{"line":22,"column":0},"end":{"line":22,"column":57}},"22":{"start":{"line":23,"column":0},"end":{"line":23,"column":10}},"23":{"start":{"line":24,"column":0},"end":{"line":24,"column":8}},"24":{"start":{"line":25,"column":0},"end":{"line":25,"column":6}},"25":{"start":{"line":26,"column":0},"end":{"line":26,"column":5}},"26":{"start":{"line":27,"column":0},"end":{"line":27,"column":16}},"27":{"start":{"line":28,"column":0},"end":{"line":28,"column":37}},"28":{"start":{"line":29,"column":0},"end":{"line":29,"column":6}},"29":{"start":{"line":30,"column":0},"end":{"line":30,"column":5}},"30":{"start":{"line":31,"column":0},"end":{"line":31,"column":59}},"31":{"start":{"line":32,"column":0},"end":{"line":32,"column":2}},"33":{"start":{"line":34,"column":0},"end":{"line":34,"column":19}}},"s":{"0":1,"5":1,"6":1,"7":1,"9":1,"10":1,"11":1,"12":1,"13":1,"14":1,"15":1,"16":1,"17":1,"18":1,"19":1,"20":1,"21":1,"22":1,"23":1,"24":1,"25":1,"26":1,"27":1,"28":1,"29":1,"30":1,"31":1,"33":1},"branchMap":{"0":{"type":"branch","line":10,"loc":{"start":{"line":10,"column":12},"end":{"line":32,"column":2}},"locations":[{"start":{"line":10,"column":12},"end":{"line":32,"column":2}}]}},"b":{"0":[1]},"fnMap":{"0":{"name":"App","decl":{"start":{"line":10,"column":12},"end":{"line":32,"column":2}},"loc":{"start":{"line":10,"column":12},"end":{"line":32,"column":2}},"line":10}},"f":{"0":1}}
,"C:\\Users\\nurlan\\Desktop\\rsschool\\react\\assignment1\\rs-react-app\\src\\ErrorBoundary.tsx": {"path":"C:\\Users\\nurlan\\Desktop\\rsschool\\react\\assignment1\\rs-react-app\\src\\ErrorBoundary.tsx","all":true,"statementMap":{"0":{"start":{"line":1,"column":0},"end":{"line":1,"column":56}},"11":{"start":{"line":12,"column":0},"end":{"line":12,"column":79}},"12":{"start":{"line":13,"column":0},"end":{"line":13,"column":42}},"13":{"start":{"line":14,"column":0},"end":{"line":14,"column":17}},"14":{"start":{"line":15,"column":0},"end":{"line":15,"column":50}},"15":{"start":{"line":16,"column":0},"end":{"line":16,"column":3}},"17":{"start":{"line":18,"column":0},"end":{"line":18,"column":69}},"18":{"start":{"line":19,"column":0},"end":{"line":19,"column":37}},"19":{"start":{"line":20,"column":0},"end":{"line":20,"column":3}},"21":{"start":{"line":22,"column":0},"end":{"line":22,"column":57}},"22":{"start":{"line":23,"column":0},"end":{"line":23,"column":64}},"23":{"start":{"line":24,"column":0},"end":{"line":24,"column":3}},"25":{"start":{"line":26,"column":0},"end":{"line":26,"column":12}},"26":{"start":{"line":27,"column":0},"end":{"line":27,"column":30}},"27":{"start":{"line":28,"column":0},"end":{"line":28,"column":14}},"28":{"start":{"line":29,"column":0},"end":{"line":29,"column":69}},"29":{"start":{"line":30,"column":0},"end":{"line":30,"column":43}},"30":{"start":{"line":31,"column":0},"end":{"line":31,"column":44}},"31":{"start":{"line":32,"column":0},"end":{"line":32,"column":14}},"33":{"start":{"line":34,"column":0},"end":{"line":34,"column":5}},"35":{"start":{"line":36,"column":0},"end":{"line":36,"column":31}},"36":{"start":{"line":37,"column":0},"end":{"line":37,"column":3}},"37":{"start":{"line":38,"column":0},"end":{"line":38,"column":1}},"39":{"start":{"line":40,"column":0},"end":{"line":40,"column":29}}},"s":{"0":0,"11":0,"12":0,"13":0,"14":0,"15":0,"17":0,"18":0,"19":0,"21":0,"22":0,"23":0,"25":0,"26":0,"27":0,"28":0,"29":0,"30":0,"31":0,"33":0,"35":0,"36":0,"37":0,"39":0},"branchMap":{"0":{"type":"branch","line":1,"loc":{"start":{"line":1,"column":770},"end":{"line":40,"column":-148}},"locations":[{"start":{"line":1,"column":770},"end":{"line":40,"column":-148}}]}},"b":{"0":[0]},"fnMap":{"0":{"name":"(empty-report)","decl":{"start":{"line":1,"column":770},"end":{"line":40,"column":-148}},"loc":{"start":{"line":1,"column":770},"end":{"line":40,"column":-148}},"line":1}},"f":{"0":0}}
,"C:\\Users\\nurlan\\Desktop\\rsschool\\react\\assignment1\\rs-react-app\\src\\main.tsx": {"path":"C:\\Users\\nurlan\\Desktop\\rsschool\\react\\assignment1\\rs-react-app\\src\\main.tsx","all":true,"statementMap":{"0":{"start":{"line":1,"column":0},"end":{"line":1,"column":35}},"1":{"start":{"line":2,"column":0},"end":{"line":2,"column":46}},"2":{"start":{"line":3,"column":0},"end":{"line":3,"column":28}},"3":{"start":{"line":4,"column":0},"end":{"line":4,"column":28}},"4":{"start":{"line":5,"column":0},"end":{"line":5,"column":48}},"6":{"start":{"line":7,"column":0},"end":{"line":7,"column":45}},"8":{"start":{"line":9,"column":0},"end":{"line":9,"column":11}},"9":{"start":{"line":10,"column":0},"end":{"line":10,"column":26}},"10":{"start":{"line":11,"column":0},"end":{"line":11,"column":16}},"11":{"start":{"line":12,"column":0},"end":{"line":12,"column":21}},"12":{"start":{"line":13,"column":0},"end":{"line":13,"column":15}},"13":{"start":{"line":14,"column":0},"end":{"line":14,"column":22}},"14":{"start":{"line":15,"column":0},"end":{"line":15,"column":17}},"15":{"start":{"line":16,"column":0},"end":{"line":16,"column":4}},"16":{"start":{"line":17,"column":0},"end":{"line":17,"column":1}}},"s":{"0":0,"1":0,"2":0,"3":0,"4":0,"6":0,"8":0,"9":0,"10":0,"11":0,"12":0,"13":0,"14":0,"15":0,"16":0},"branchMap":{"0":{"type":"branch","line":1,"loc":{"start":{"line":1,"column":324},"end":{"line":17,"column":-267}},"locations":[{"start":{"line":1,"column":324},"end":{"line":17,"column":-267}}]}},"b":{"0":[0]},"fnMap":{"0":{"name":"(empty-report)","decl":{"start":{"line":1,"column":324},"end":{"line":17,"column":-267}},"loc":{"start":{"line":1,"column":324},"end":{"line":17,"column":-267}},"line":1}},"f":{"0":0}}
,"C:\\Users\\nurlan\\Desktop\\rsschool\\react\\assignment1\\rs-react-app\\src\\components\\CharacterDetails\\index.tsx": {"path":"C:\\Users\\nurlan\\Desktop\\rsschool\\react\\assignment1\\rs-react-app\\src\\components\\CharacterDetails\\index.tsx","all":false,"statementMap":{"0":{"start":{"line":1,"column":0},"end":{"line":1,"column":58}},"1":{"start":{"line":2,"column":0},"end":{"line":2,"column":44}},"2":{"start":{"line":3,"column":0},"end":{"line":3,"column":57}},"3":{"start":{"line":4,"column":0},"end":{"line":4,"column":33}},"4":{"start":{"line":5,"column":0},"end":{"line":5,"column":23}},"7":{"start":{"line":8,"column":0},"end":{"line":8,"column":32}},"8":{"start":{"line":9,"column":0},"end":{"line":9,"column":29}},"9":{"start":{"line":10,"column":0},"end":{"line":10,"column":33}},"10":{"start":{"line":11,"column":0},"end":{"line":11,"column":69}},"11":{"start":{"line":12,"column":0},"end":{"line":12,"column":47}},"13":{"start":{"line":14,"column":0},"end":{"line":14,"column":19}},"14":{"start":{"line":15,"column":0},"end":{"line":15,"column":40}},"15":{"start":{"line":16,"column":0},"end":{"line":16,"column":23}},"16":{"start":{"line":17,"column":0},"end":{"line":17,"column":64}},"17":{"start":{"line":18,"column":0},"end":{"line":18,"column":27}},"18":{"start":{"line":19,"column":0},"end":{"line":19,"column":24}},"19":{"start":{"line":20,"column":0},"end":{"line":20,"column":6}},"20":{"start":{"line":21,"column":0},"end":{"line":21,"column":21}},"21":{"start":{"line":22,"column":0},"end":{"line":22,"column":11}},"23":{"start":{"line":24,"column":0},"end":{"line":24,"column":29}},"24":{"start":{"line":25,"column":0},"end":{"line":25,"column":38}},"25":{"start":{"line":26,"column":0},"end":{"line":26,"column":4}},"27":{"start":{"line":28,"column":0},"end":{"line":28,"column":34}},"29":{"start":{"line":30,"column":0},"end":{"line":30,"column":10}},"30":{"start":{"line":31,"column":0},"end":{"line":31,"column":39}},"31":{"start":{"line":32,"column":0},"end":{"line":32,"column":13}},"32":{"start":{"line":33,"column":0},"end":{"line":33,"column":31}},"33":{"start":{"line":34,"column":0},"end":{"line":34,"column":48}},"34":{"start":{"line":35,"column":0},"end":{"line":35,"column":29}},"35":{"start":{"line":36,"column":0},"end":{"line":36,"column":7}},"37":{"start":{"line":38,"column":0},"end":{"line":38,"column":15}},"38":{"start":{"line":39,"column":0},"end":{"line":39,"column":32}},"39":{"start":{"line":40,"column":0},"end":{"line":40,"column":28}},"40":{"start":{"line":41,"column":0},"end":{"line":41,"column":11}},"41":{"start":{"line":42,"column":0},"end":{"line":42,"column":57}},"42":{"start":{"line":43,"column":0},"end":{"line":43,"column":12}},"43":{"start":{"line":44,"column":0},"end":{"line":44,"column":11}},"44":{"start":{"line":45,"column":0},"end":{"line":45,"column":53}},"45":{"start":{"line":46,"column":0},"end":{"line":46,"column":12}},"46":{"start":{"line":47,"column":0},"end":{"line":47,"column":11}},"47":{"start":{"line":48,"column":0},"end":{"line":48,"column":54}},"48":{"start":{"line":49,"column":0},"end":{"line":49,"column":12}},"49":{"start":{"line":50,"column":0},"end":{"line":50,"column":11}},"50":{"start":{"line":51,"column":0},"end":{"line":51,"column":62}},"51":{"start":{"line":52,"column":0},"end":{"line":52,"column":12}},"52":{"start":{"line":53,"column":0},"end":{"line":53,"column":12}},"53":{"start":{"line":54,"column":0},"end":{"line":54,"column":10}},"55":{"start":{"line":56,"column":0},"end":{"line":56,"column":2}},"57":{"start":{"line":58,"column":0},"end":{"line":58,"column":32}}},"s":{"0":1,"1":1,"2":1,"3":1,"4":1,"7":1,"8":6,"9":6,"10":6,"11":6,"13":6,"14":3,"15":3,"16":3,"17":2,"18":2,"19":3,"20":3,"21":6,"23":6,"24":1,"25":1,"27":6,"29":3,"30":3,"31":3,"32":3,"33":3,"34":3,"35":3,"37":3,"38":6,"39":6,"40":6,"41":6,"42":6,"43":6,"44":6,"45":6,"46":6,"47":6,"48":6,"49":6,"50":6,"51":6,"52":6,"53":6,"55":6,"57":1},"branchMap":{"0":{"type":"branch","line":8,"loc":{"start":{"line":8,"column":25},"end":{"line":56,"column":2}},"locations":[{"start":{"line":8,"column":25},"end":{"line":56,"column":2}}]},"1":{"type":"branch","line":28,"loc":{"start":{"line":28,"column":15},"end":{"line":39,"column":27}},"locations":[{"start":{"line":28,"column":15},"end":{"line":39,"column":27}}]},"2":{"type":"branch","line":42,"loc":{"start":{"line":42,"column":36},"end":{"line":42,"column":54}},"locations":[{"start":{"line":42,"column":36},"end":{"line":42,"column":54}}]},"3":{"type":"branch","line":45,"loc":{"start":{"line":45,"column":34},"end":{"line":45,"column":50}},"locations":[{"start":{"line":45,"column":34},"end":{"line":45,"column":50}}]},"4":{"type":"branch","line":48,"loc":{"start":{"line":48,"column":36},"end":{"line":48,"column":54}},"locations":[{"start":{"line":48,"column":36},"end":{"line":48,"column":54}}]},"5":{"type":"branch","line":51,"loc":{"start":{"line":51,"column":40},"end":{"line":51,"column":62}},"locations":[{"start":{"line":51,"column":40},"end":{"line":51,"column":62}}]},"6":{"type":"branch","line":14,"loc":{"start":{"line":14,"column":12},"end":{"line":22,"column":5}},"locations":[{"start":{"line":14,"column":12},"end":{"line":22,"column":5}}]},"7":{"type":"branch","line":15,"loc":{"start":{"line":15,"column":27},"end":{"line":20,"column":6}},"locations":[{"start":{"line":15,"column":27},"end":{"line":20,"column":6}}]},"8":{"type":"branch","line":17,"loc":{"start":{"line":17,"column":62},"end":{"line":19,"column":24}},"locations":[{"start":{"line":17,"column":62},"end":{"line":19,"column":24}}]},"9":{"type":"branch","line":24,"loc":{"start":{"line":24,"column":22},"end":{"line":26,"column":4}},"locations":[{"start":{"line":24,"column":22},"end":{"line":26,"column":4}}]}},"b":{"0":[6],"1":[3],"2":[3],"3":[3],"4":[3],"5":[3],"6":[3],"7":[3],"8":[2],"9":[1]},"fnMap":{"0":{"name":"CharacterDetails","decl":{"start":{"line":8,"column":25},"end":{"line":56,"column":2}},"loc":{"start":{"line":8,"column":25},"end":{"line":56,"column":2}},"line":8},"1":{"name":"fetchCharacter","decl":{"start":{"line":15,"column":27},"end":{"line":20,"column":6}},"loc":{"start":{"line":15,"column":27},"end":{"line":20,"column":6}},"line":15},"2":{"name":"handleClose","decl":{"start":{"line":24,"column":22},"end":{"line":26,"column":4}},"loc":{"start":{"line":24,"column":22},"end":{"line":26,"column":4}},"line":24}},"f":{"0":6,"1":3,"2":1}}
,"C:\\Users\\nurlan\\Desktop\\rsschool\\react\\assignment1\\rs-react-app\\src\\components\\Result\\index.tsx": {"path":"C:\\Users\\nurlan\\Desktop\\rsschool\\react\\assignment1\\rs-react-app\\src\\components\\Result\\index.tsx","all":false,"statementMap":{"0":{"start":{"line":1,"column":0},"end":{"line":1,"column":47}},"2":{"start":{"line":3,"column":0},"end":{"line":3,"column":23}},"9":{"start":{"line":10,"column":0},"end":{"line":10,"column":72}},"10":{"start":{"line":11,"column":0},"end":{"line":11,"column":33}},"11":{"start":{"line":12,"column":0},"end":{"line":12,"column":34}},"12":{"start":{"line":13,"column":0},"end":{"line":13,"column":32}},"13":{"start":{"line":14,"column":0},"end":{"line":14,"column":43}},"14":{"start":{"line":15,"column":0},"end":{"line":15,"column":15}},"15":{"start":{"line":16,"column":0},"end":{"line":16,"column":14}},"16":{"start":{"line":17,"column":0},"end":{"line":17,"column":24}},"17":{"start":{"line":18,"column":0},"end":{"line":18,"column":25}},"18":{"start":{"line":19,"column":0},"end":{"line":19,"column":32}},"19":{"start":{"line":20,"column":0},"end":{"line":20,"column":30}},"20":{"start":{"line":21,"column":0},"end":{"line":21,"column":27}},"21":{"start":{"line":22,"column":0},"end":{"line":22,"column":31}},"22":{"start":{"line":23,"column":0},"end":{"line":23,"column":26}},"23":{"start":{"line":24,"column":0},"end":{"line":24,"column":15}},"24":{"start":{"line":25,"column":0},"end":{"line":25,"column":16}},"25":{"start":{"line":26,"column":0},"end":{"line":26,"column":15}},"26":{"start":{"line":27,"column":0},"end":{"line":27,"column":47}},"27":{"start":{"line":28,"column":0},"end":{"line":28,"column":15}},"28":{"start":{"line":29,"column":0},"end":{"line":29,"column":33}},"29":{"start":{"line":30,"column":0},"end":{"line":30,"column":50}},"30":{"start":{"line":31,"column":0},"end":{"line":31,"column":28}},"31":{"start":{"line":32,"column":0},"end":{"line":32,"column":80}},"34":{"start":{"line":35,"column":0},"end":{"line":35,"column":32}},"35":{"start":{"line":36,"column":0},"end":{"line":36,"column":39}},"36":{"start":{"line":37,"column":0},"end":{"line":37,"column":41}},"37":{"start":{"line":38,"column":0},"end":{"line":38,"column":39}},"38":{"start":{"line":39,"column":0},"end":{"line":39,"column":41}},"39":{"start":{"line":40,"column":0},"end":{"line":40,"column":45}},"40":{"start":{"line":41,"column":0},"end":{"line":41,"column":47}},"41":{"start":{"line":42,"column":0},"end":{"line":42,"column":17}},"42":{"start":{"line":43,"column":0},"end":{"line":43,"column":13}},"43":{"start":{"line":44,"column":0},"end":{"line":44,"column":16}},"44":{"start":{"line":45,"column":0},"end":{"line":45,"column":14}},"45":{"start":{"line":46,"column":0},"end":{"line":46,"column":59}},"46":{"start":{"line":47,"column":0},"end":{"line":47,"column":10}},"48":{"start":{"line":49,"column":0},"end":{"line":49,"column":64}},"50":{"start":{"line":51,"column":0},"end":{"line":51,"column":2}},"52":{"start":{"line":53,"column":0},"end":{"line":53,"column":30}}},"s":{"0":1,"2":1,"9":1,"10":10,"11":10,"12":5,"13":5,"14":5,"15":5,"16":5,"17":5,"18":5,"19":5,"20":5,"21":5,"22":5,"23":5,"24":5,"25":5,"26":5,"27":9,"28":9,"29":9,"30":9,"31":2,"34":9,"35":9,"36":9,"37":9,"38":9,"39":9,"40":9,"41":9,"42":5,"43":5,"44":5,"45":5,"46":5,"48":5,"50":10,"52":1},"branchMap":{"0":{"type":"branch","line":10,"loc":{"start":{"line":10,"column":23},"end":{"line":51,"column":2}},"locations":[{"start":{"line":10,"column":23},"end":{"line":51,"column":2}}]},"1":{"type":"branch","line":12,"loc":{"start":{"line":12,"column":29},"end":{"line":47,"column":10}},"locations":[{"start":{"line":12,"column":29},"end":{"line":47,"column":10}}]},"2":{"type":"branch","line":47,"loc":{"start":{"line":47,"column":4},"end":{"line":49,"column":64}},"locations":[{"start":{"line":47,"column":4},"end":{"line":49,"column":64}}]},"3":{"type":"branch","line":27,"loc":{"start":{"line":27,"column":26},"end":{"line":42,"column":17}},"locations":[{"start":{"line":27,"column":26},"end":{"line":42,"column":17}}]},"4":{"type":"branch","line":31,"loc":{"start":{"line":31,"column":23},"end":{"line":32,"column":80}},"locations":[{"start":{"line":31,"column":23},"end":{"line":32,"column":80}}]}},"b":{"0":[10],"1":[5],"2":[5],"3":[9],"4":[2]},"fnMap":{"0":{"name":"CharacterTable","decl":{"start":{"line":10,"column":23},"end":{"line":51,"column":2}},"loc":{"start":{"line":10,"column":23},"end":{"line":51,"column":2}},"line":10},"1":{"name":"onClick","decl":{"start":{"line":31,"column":23},"end":{"line":32,"column":80}},"loc":{"start":{"line":31,"column":23},"end":{"line":32,"column":80}},"line":31}},"f":{"0":10,"1":2}}
,"C:\\Users\\nurlan\\Desktop\\rsschool\\react\\assignment1\\rs-react-app\\src\\components\\Search\\index.tsx": {"path":"C:\\Users\\nurlan\\Desktop\\rsschool\\react\\assignment1\\rs-react-app\\src\\components\\Search\\index.tsx","all":false,"statementMap":{"0":{"start":{"line":1,"column":0},"end":{"line":1,"column":34}},"1":{"start":{"line":2,"column":0},"end":{"line":2,"column":23}},"9":{"start":{"line":10,"column":0},"end":{"line":10,"column":26}},"10":{"start":{"line":11,"column":0},"end":{"line":11,"column":15}},"11":{"start":{"line":12,"column":0},"end":{"line":12,"column":8}},"12":{"start":{"line":13,"column":0},"end":{"line":13,"column":11}},"13":{"start":{"line":14,"column":0},"end":{"line":14,"column":29}},"14":{"start":{"line":15,"column":0},"end":{"line":15,"column":62}},"15":{"start":{"line":16,"column":0},"end":{"line":16,"column":29}},"16":{"start":{"line":17,"column":0},"end":{"line":17,"column":4}},"18":{"start":{"line":19,"column":0},"end":{"line":19,"column":65}},"19":{"start":{"line":20,"column":0},"end":{"line":20,"column":23}},"20":{"start":{"line":21,"column":0},"end":{"line":21,"column":24}},"21":{"start":{"line":22,"column":0},"end":{"line":22,"column":4}},"23":{"start":{"line":24,"column":0},"end":{"line":24,"column":19}},"24":{"start":{"line":25,"column":0},"end":{"line":25,"column":24}},"25":{"start":{"line":26,"column":0},"end":{"line":26,"column":9}},"27":{"start":{"line":28,"column":0},"end":{"line":28,"column":10}},"28":{"start":{"line":29,"column":0},"end":{"line":29,"column":78}},"29":{"start":{"line":30,"column":0},"end":{"line":30,"column":12}},"30":{"start":{"line":31,"column":0},"end":{"line":31,"column":33}},"31":{"start":{"line":32,"column":0},"end":{"line":32,"column":19}},"32":{"start":{"line":33,"column":0},"end":{"line":33,"column":34}},"33":{"start":{"line":34,"column":0},"end":{"line":34,"column":36}},"34":{"start":{"line":35,"column":0},"end":{"line":35,"column":25}},"35":{"start":{"line":36,"column":0},"end":{"line":36,"column":21}},"36":{"start":{"line":37,"column":0},"end":{"line":37,"column":8}},"37":{"start":{"line":38,"column":0},"end":{"line":38,"column":55}},"39":{"start":{"line":40,"column":0},"end":{"line":40,"column":15}},"40":{"start":{"line":41,"column":0},"end":{"line":41,"column":11}},"42":{"start":{"line":43,"column":0},"end":{"line":43,"column":2}},"44":{"start":{"line":45,"column":0},"end":{"line":45,"column":31}}},"s":{"0":1,"1":1,"9":1,"10":17,"11":17,"12":17,"13":17,"14":17,"15":2,"16":2,"18":17,"19":3,"20":3,"21":3,"23":17,"24":6,"25":17,"27":17,"28":17,"29":17,"30":17,"31":17,"32":17,"33":17,"34":17,"35":17,"36":17,"37":17,"39":17,"40":17,"42":17,"44":1},"branchMap":{"0":{"type":"branch","line":10,"loc":{"start":{"line":10,"column":24},"end":{"line":43,"column":2}},"locations":[{"start":{"line":10,"column":24},"end":{"line":43,"column":2}}]},"1":{"type":"branch","line":15,"loc":{"start":{"line":15,"column":17},"end":{"line":17,"column":4}},"locations":[{"start":{"line":15,"column":17},"end":{"line":17,"column":4}}]},"2":{"type":"branch","line":19,"loc":{"start":{"line":19,"column":23},"end":{"line":22,"column":4}},"locations":[{"start":{"line":19,"column":23},"end":{"line":22,"column":4}}]},"3":{"type":"branch","line":24,"loc":{"start":{"line":24,"column":12},"end":{"line":26,"column":5}},"locations":[{"start":{"line":24,"column":12},"end":{"line":26,"column":5}}]}},"b":{"0":[17],"1":[2],"2":[3],"3":[6]},"fnMap":{"0":{"name":"SearchComponent","decl":{"start":{"line":10,"column":24},"end":{"line":43,"column":2}},"loc":{"start":{"line":10,"column":24},"end":{"line":43,"column":2}},"line":10},"1":{"name":"onType","decl":{"start":{"line":15,"column":17},"end":{"line":17,"column":4}},"loc":{"start":{"line":15,"column":17},"end":{"line":17,"column":4}},"line":15},"2":{"name":"handleSubmit","decl":{"start":{"line":19,"column":23},"end":{"line":22,"column":4}},"loc":{"start":{"line":19,"column":23},"end":{"line":22,"column":4}},"line":19}},"f":{"0":17,"1":2,"2":3}}
,"C:\\Users\\nurlan\\Desktop\\rsschool\\react\\assignment1\\rs-react-app\\src\\components\\Spinner\\index.tsx": {"path":"C:\\Users\\nurlan\\Desktop\\rsschool\\react\\assignment1\\rs-react-app\\src\\components\\Spinner\\index.tsx","all":false,"statementMap":{"0":{"start":{"line":1,"column":0},"end":{"line":1,"column":23}},"6":{"start":{"line":7,"column":0},"end":{"line":7,"column":55}},"7":{"start":{"line":8,"column":0},"end":{"line":8,"column":10}},"8":{"start":{"line":9,"column":0},"end":{"line":9,"column":67}},"9":{"start":{"line":10,"column":0},"end":{"line":10,"column":17}},"10":{"start":{"line":11,"column":0},"end":{"line":11,"column":17}},"11":{"start":{"line":12,"column":0},"end":{"line":12,"column":17}},"12":{"start":{"line":13,"column":0},"end":{"line":13,"column":17}},"13":{"start":{"line":14,"column":0},"end":{"line":14,"column":10}},"15":{"start":{"line":16,"column":0},"end":{"line":16,"column":2}},"17":{"start":{"line":18,"column":0},"end":{"line":18,"column":23}}},"s":{"0":1,"6":1,"7":14,"8":14,"9":14,"10":14,"11":14,"12":14,"13":14,"15":14,"17":1},"branchMap":{"0":{"type":"branch","line":7,"loc":{"start":{"line":7,"column":16},"end":{"line":16,"column":2}},"locations":[{"start":{"line":7,"column":16},"end":{"line":16,"column":2}}]}},"b":{"0":[14]},"fnMap":{"0":{"name":"Spinner","decl":{"start":{"line":7,"column":16},"end":{"line":16,"column":2}},"loc":{"start":{"line":7,"column":16},"end":{"line":16,"column":2}},"line":7}},"f":{"0":14}}
,"C:\\Users\\nurlan\\Desktop\\rsschool\\react\\assignment1\\rs-react-app\\src\\components\\notFound\\NotFound.tsx": {"path":"C:\\Users\\nurlan\\Desktop\\rsschool\\react\\assignment1\\rs-react-app\\src\\components\\notFound\\NotFound.tsx","all":false,"statementMap":{"2":{"start":{"line":3,"column":0},"end":{"line":3,"column":34}},"3":{"start":{"line":4,"column":0},"end":{"line":4,"column":10}},"4":{"start":{"line":5,"column":0},"end":{"line":5,"column":9}},"5":{"start":{"line":6,"column":0},"end":{"line":6,"column":29}},"6":{"start":{"line":7,"column":0},"end":{"line":7,"column":10}},"8":{"start":{"line":9,"column":0},"end":{"line":9,"column":2}},"10":{"start":{"line":11,"column":0},"end":{"line":11,"column":24}}},"s":{"2":1,"3":1,"4":1,"5":1,"6":1,"8":1,"10":1},"branchMap":{"0":{"type":"branch","line":3,"loc":{"start":{"line":3,"column":27},"end":{"line":9,"column":2}},"locations":[{"start":{"line":3,"column":27},"end":{"line":9,"column":2}}]}},"b":{"0":[1]},"fnMap":{"0":{"name":"NotFound","decl":{"start":{"line":3,"column":27},"end":{"line":9,"column":2}},"loc":{"start":{"line":3,"column":27},"end":{"line":9,"column":2}},"line":3}},"f":{"0":1}}
,"C:\\Users\\nurlan\\Desktop\\rsschool\\react\\assignment1\\rs-react-app\\src\\pages\\SearchPage.tsx": {"path":"C:\\Users\\nurlan\\Desktop\\rsschool\\react\\assignment1\\rs-react-app\\src\\pages\\SearchPage.tsx","all":false,"statementMap":{"0":{"start":{"line":1,"column":0},"end":{"line":1,"column":66}},"1":{"start":{"line":2,"column":0},"end":{"line":2,"column":41}},"2":{"start":{"line":3,"column":0},"end":{"line":3,"column":50}},"3":{"start":{"line":4,"column":0},"end":{"line":4,"column":51}},"4":{"start":{"line":5,"column":0},"end":{"line":5,"column":44}},"5":{"start":{"line":6,"column":0},"end":{"line":6,"column":70}},"6":{"start":{"line":7,"column":0},"end":{"line":7,"column":66}},"7":{"start":{"line":8,"column":0},"end":{"line":8,"column":23}},"9":{"start":{"line":10,"column":0},"end":{"line":10,"column":26}},"10":{"start":{"line":11,"column":0},"end":{"line":11,"column":37}},"11":{"start":{"line":12,"column":0},"end":{"line":12,"column":33}},"12":{"start":{"line":13,"column":0},"end":{"line":13,"column":35}},"13":{"start":{"line":14,"column":0},"end":{"line":14,"column":72}},"14":{"start":{"line":15,"column":0},"end":{"line":15,"column":76}},"15":{"start":{"line":16,"column":0},"end":{"line":16,"column":61}},"16":{"start":{"line":17,"column":0},"end":{"line":17,"column":36}},"17":{"start":{"line":18,"column":0},"end":{"line":18,"column":39}},"18":{"start":{"line":19,"column":0},"end":{"line":19,"column":54}},"19":{"start":{"line":20,"column":0},"end":{"line":20,"column":17}},"20":{"start":{"line":21,"column":0},"end":{"line":21,"column":21}},"21":{"start":{"line":22,"column":0},"end":{"line":22,"column":45}},"22":{"start":{"line":23,"column":0},"end":{"line":23,"column":24}},"23":{"start":{"line":24,"column":0},"end":{"line":24,"column":4}},"25":{"start":{"line":26,"column":0},"end":{"line":26,"column":48}},"26":{"start":{"line":27,"column":0},"end":{"line":27,"column":9}},"27":{"start":{"line":28,"column":0},"end":{"line":28,"column":26}},"28":{"start":{"line":29,"column":0},"end":{"line":29,"column":47}},"29":{"start":{"line":30,"column":0},"end":{"line":30,"column":58}},"30":{"start":{"line":31,"column":0},"end":{"line":31,"column":19}},"31":{"start":{"line":32,"column":0},"end":{"line":32,"column":32}},"32":{"start":{"line":33,"column":0},"end":{"line":33,"column":26}},"33":{"start":{"line":34,"column":0},"end":{"line":34,"column":7}},"34":{"start":{"line":35,"column":0},"end":{"line":35,"column":17}},"35":{"start":{"line":36,"column":0},"end":{"line":36,"column":21}},"36":{"start":{"line":37,"column":0},"end":{"line":37,"column":15}},"37":{"start":{"line":38,"column":0},"end":{"line":38,"column":27}},"38":{"start":{"line":39,"column":0},"end":{"line":39,"column":5}},"39":{"start":{"line":40,"column":0},"end":{"line":40,"column":41}},"41":{"start":{"line":42,"column":0},"end":{"line":42,"column":52}},"42":{"start":{"line":43,"column":0},"end":{"line":43,"column":9}},"43":{"start":{"line":44,"column":0},"end":{"line":44,"column":26}},"44":{"start":{"line":45,"column":0},"end":{"line":45,"column":71}},"45":{"start":{"line":46,"column":0},"end":{"line":46,"column":19}},"46":{"start":{"line":47,"column":0},"end":{"line":47,"column":32}},"47":{"start":{"line":48,"column":0},"end":{"line":48,"column":7}},"48":{"start":{"line":49,"column":0},"end":{"line":49,"column":17}},"49":{"start":{"line":50,"column":0},"end":{"line":50,"column":21}},"50":{"start":{"line":51,"column":0},"end":{"line":51,"column":15}},"51":{"start":{"line":52,"column":0},"end":{"line":52,"column":27}},"52":{"start":{"line":53,"column":0},"end":{"line":53,"column":5}},"53":{"start":{"line":54,"column":0},"end":{"line":54,"column":20}},"55":{"start":{"line":56,"column":0},"end":{"line":56,"column":49}},"56":{"start":{"line":57,"column":0},"end":{"line":57,"column":48}},"57":{"start":{"line":58,"column":0},"end":{"line":58,"column":37}},"58":{"start":{"line":59,"column":0},"end":{"line":59,"column":25}},"59":{"start":{"line":60,"column":0},"end":{"line":60,"column":5}},"60":{"start":{"line":61,"column":0},"end":{"line":61,"column":4}},"62":{"start":{"line":63,"column":0},"end":{"line":63,"column":19}},"63":{"start":{"line":64,"column":0},"end":{"line":64,"column":19}},"64":{"start":{"line":65,"column":0},"end":{"line":65,"column":9}},"65":{"start":{"line":66,"column":0},"end":{"line":66,"column":10}},"66":{"start":{"line":67,"column":0},"end":{"line":67,"column":63}},"67":{"start":{"line":68,"column":0},"end":{"line":68,"column":46}},"68":{"start":{"line":69,"column":0},"end":{"line":69,"column":24}},"69":{"start":{"line":70,"column":0},"end":{"line":70,"column":23}},"70":{"start":{"line":71,"column":0},"end":{"line":71,"column":29}},"71":{"start":{"line":72,"column":0},"end":{"line":72,"column":37}},"72":{"start":{"line":73,"column":0},"end":{"line":73,"column":10}},"73":{"start":{"line":74,"column":0},"end":{"line":74,"column":15}},"74":{"start":{"line":75,"column":0},"end":{"line":75,"column":56}},"75":{"start":{"line":76,"column":0},"end":{"line":76,"column":15}},"76":{"start":{"line":77,"column":0},"end":{"line":77,"column":59}},"77":{"start":{"line":78,"column":0},"end":{"line":78,"column":38}},"78":{"start":{"line":79,"column":0},"end":{"line":79,"column":9}},"80":{"start":{"line":81,"column":0},"end":{"line":81,"column":17}},"81":{"start":{"line":82,"column":0},"end":{"line":82,"column":36}},"82":{"start":{"line":83,"column":0},"end":{"line":83,"column":15}},"83":{"start":{"line":84,"column":0},"end":{"line":84,"column":59}},"84":{"start":{"line":85,"column":0},"end":{"line":85,"column":47}},"85":{"start":{"line":86,"column":0},"end":{"line":86,"column":9}},"87":{"start":{"line":88,"column":0},"end":{"line":88,"column":17}},"88":{"start":{"line":89,"column":0},"end":{"line":89,"column":12}},"90":{"start":{"line":91,"column":0},"end":{"line":91,"column":53}},"91":{"start":{"line":92,"column":0},"end":{"line":92,"column":22}},"92":{"start":{"line":93,"column":0},"end":{"line":93,"column":72}},"94":{"start":{"line":95,"column":0},"end":{"line":95,"column":12}},"95":{"start":{"line":96,"column":0},"end":{"line":96,"column":27}},"96":{"start":{"line":97,"column":0},"end":{"line":97,"column":54}},"97":{"start":{"line":98,"column":0},"end":{"line":98,"column":46}},"98":{"start":{"line":99,"column":0},"end":{"line":99,"column":14}},"99":{"start":{"line":100,"column":0},"end":{"line":100,"column":29}},"100":{"start":{"line":101,"column":0},"end":{"line":101,"column":13}},"102":{"start":{"line":103,"column":0},"end":{"line":103,"column":12}},"103":{"start":{"line":104,"column":0},"end":{"line":104,"column":14}},"105":{"start":{"line":106,"column":0},"end":{"line":106,"column":2}},"107":{"start":{"line":108,"column":0},"end":{"line":108,"column":26}}},"s":{"0":1,"1":1,"2":1,"3":1,"4":1,"5":1,"6":1,"7":1,"9":1,"10":17,"11":17,"12":17,"13":17,"14":17,"15":17,"16":17,"17":5,"18":5,"19":5,"20":17,"21":17,"22":16,"23":16,"25":17,"26":8,"27":8,"28":8,"29":8,"30":8,"31":6,"32":6,"33":6,"34":8,"35":0,"36":8,"37":8,"38":8,"39":17,"41":17,"42":0,"43":0,"44":0,"45":0,"46":0,"47":0,"48":0,"49":0,"50":0,"51":0,"52":0,"53":17,"55":17,"56":0,"57":0,"58":0,"59":0,"60":0,"62":17,"63":3,"64":17,"65":17,"66":17,"67":17,"68":17,"69":17,"70":17,"71":17,"72":17,"73":17,"74":17,"75":17,"76":17,"77":17,"78":17,"80":17,"81":17,"82":17,"83":17,"84":17,"85":17,"87":17,"88":17,"90":17,"91":17,"92":11,"94":5,"95":5,"96":5,"97":5,"98":5,"99":5,"100":5,"102":17,"103":17,"105":17,"107":1},"branchMap":{"0":{"type":"branch","line":10,"loc":{"start":{"line":10,"column":19},"end":{"line":106,"column":2}},"locations":[{"start":{"line":10,"column":19},"end":{"line":106,"column":2}}]},"1":{"type":"branch","line":92,"loc":{"start":{"line":92,"column":9},"end":{"line":93,"column":72}},"locations":[{"start":{"line":92,"column":9},"end":{"line":93,"column":72}}]},"2":{"type":"branch","line":93,"loc":{"start":{"line":93,"column":70},"end":{"line":101,"column":13}},"locations":[{"start":{"line":93,"column":70},"end":{"line":101,"column":13}}]},"3":{"type":"branch","line":97,"loc":{"start":{"line":97,"column":26},"end":{"line":97,"column":51}},"locations":[{"start":{"line":97,"column":26},"end":{"line":97,"column":51}}]},"4":{"type":"branch","line":97,"loc":{"start":{"line":97,"column":40},"end":{"line":97,"column":54}},"locations":[{"start":{"line":97,"column":40},"end":{"line":97,"column":54}}]},"5":{"type":"branch","line":98,"loc":{"start":{"line":98,"column":21},"end":{"line":98,"column":44}},"locations":[{"start":{"line":98,"column":21},"end":{"line":98,"column":44}}]},"6":{"type":"branch","line":17,"loc":{"start":{"line":17,"column":29},"end":{"line":21,"column":5}},"locations":[{"start":{"line":17,"column":29},"end":{"line":21,"column":5}}]},"7":{"type":"branch","line":18,"loc":{"start":{"line":18,"column":9},"end":{"line":18,"column":30}},"locations":[{"start":{"line":18,"column":9},"end":{"line":18,"column":30}}]},"8":{"type":"branch","line":18,"loc":{"start":{"line":18,"column":37},"end":{"line":19,"column":50}},"locations":[{"start":{"line":18,"column":37},"end":{"line":19,"column":50}}]},"9":{"type":"branch","line":22,"loc":{"start":{"line":22,"column":24},"end":{"line":24,"column":4}},"locations":[{"start":{"line":22,"column":24},"end":{"line":24,"column":4}}]},"10":{"type":"branch","line":26,"loc":{"start":{"line":26,"column":35},"end":{"line":40,"column":5}},"locations":[{"start":{"line":26,"column":35},"end":{"line":40,"column":5}}]},"11":{"type":"branch","line":31,"loc":{"start":{"line":31,"column":18},"end":{"line":34,"column":7}},"locations":[{"start":{"line":31,"column":18},"end":{"line":34,"column":7}}]},"12":{"type":"branch","line":35,"loc":{"start":{"line":35,"column":4},"end":{"line":37,"column":6}},"locations":[{"start":{"line":35,"column":4},"end":{"line":37,"column":6}}]},"13":{"type":"branch","line":63,"loc":{"start":{"line":63,"column":12},"end":{"line":65,"column":5}},"locations":[{"start":{"line":63,"column":12},"end":{"line":65,"column":5}}]}},"b":{"0":[17],"1":[11],"2":[5],"3":[2],"4":[3],"5":[2],"6":[5],"7":[2],"8":[0],"9":[16],"10":[8],"11":[6],"12":[0],"13":[3]},"fnMap":{"0":{"name":"SearchPage","decl":{"start":{"line":10,"column":19},"end":{"line":106,"column":2}},"loc":{"start":{"line":10,"column":19},"end":{"line":106,"column":2}},"line":10},"1":{"name":"toggleLoading","decl":{"start":{"line":22,"column":24},"end":{"line":24,"column":4}},"loc":{"start":{"line":22,"column":24},"end":{"line":24,"column":4}},"line":22},"2":{"name":"handlePageChange","decl":{"start":{"line":56,"column":27},"end":{"line":61,"column":4}},"loc":{"start":{"line":56,"column":27},"end":{"line":61,"column":4}},"line":56},"3":{"name":"onClick","decl":{"start":{"line":77,"column":19},"end":{"line":77,"column":59}},"loc":{"start":{"line":77,"column":19},"end":{"line":77,"column":59}},"line":77},"4":{"name":"onClick","decl":{"start":{"line":84,"column":19},"end":{"line":84,"column":59}},"loc":{"start":{"line":84,"column":19},"end":{"line":84,"column":59}},"line":84}},"f":{"0":17,"1":16,"2":0,"3":0,"4":0}}
}
